  Plot.cpp
  Unknown compiler version - please run the configure tests and report the results
c:\program files (x86)\microsoft visual studio\2017\community\vc\tools\msvc\14.13.26128\include\xmemory0(919): warning C4244: 'argument': conversion from 'double' to 'float', possible loss of data
  c:\program files (x86)\microsoft visual studio\2017\community\vc\tools\msvc\14.13.26128\include\vector(968): note: see reference to function template instantiation 'void std::_Default_allocator_traits<_Alloc>::construct<_Ty,int&,double>(_Alloc &,_Objty *const ,int &,double &&)' being compiled
          with
          [
              _Alloc=std::allocator<ofxGPoint>,
              _Ty=ofxGPoint,
              _Objty=ofxGPoint
          ]
  c:\program files (x86)\microsoft visual studio\2017\community\vc\tools\msvc\14.13.26128\include\vector(968): note: see reference to function template instantiation 'void std::_Default_allocator_traits<_Alloc>::construct<_Ty,int&,double>(_Alloc &,_Objty *const ,int &,double &&)' being compiled
          with
          [
              _Alloc=std::allocator<ofxGPoint>,
              _Ty=ofxGPoint,
              _Objty=ofxGPoint
          ]
  c:\users\kesha\documents\of_v0.9.8_vs_release\apps\stockprediction\stockprediction\src\plot.cpp(18): note: see reference to function template instantiation 'void std::vector<ofxGPoint,std::allocator<_Ty>>::emplace_back<int&,double>(int &,double &&)' being compiled
          with
          [
              _Ty=ofxGPoint
          ]
c:\program files (x86)\microsoft visual studio\2017\community\vc\tools\msvc\14.13.26128\include\xmemory0(919): warning C4244: 'argument': conversion from 'int' to 'float', possible loss of data
  StockPrediction.vcxproj -> C:\Users\kesha\Documents\of_v0.9.8_vs_release\apps\StockPrediction\StockPrediction\bin\StockPrediction_debug.exe
  
  	                   9	C:\Users\kesha\Documents\of_v0.9.8_vs_release\export\vs\Win32\
